[2014-06-19 18:21:49] INFO  [ContextLoader.java:273] Root WebApplicationContext: initialization started
[2014-06-19 18:21:49] INFO  [XmlBeanDefinitionReader.java:315] Loading XML bean definitions from file [C:\git\dongtuan\build\resources\main\META-INF\spring\applicationContext.xml]
[2014-06-19 18:21:50] INFO  [AutowiredAnnotationBeanPostProcessor.java:141] JSR-330 'javax.inject.Inject' annotation found and supported for autowiring
[2014-06-19 18:21:50] ERROR [ContextLoader.java:319] Context initialization failed
org.springframework.beans.factory.BeanCreationException: Error creating bean with name 'hyungeunConfiguration': Injection of autowired dependencies failed; nested exception is org.springframework.beans.factory.BeanCreationException: Could not autowire field: private int org.hejin.newapp.configuration.HyungeunConfiguration.initialSize; nested exception is org.springframework.beans.TypeMismatchException: Failed to convert value of type 'java.lang.String' to required type 'int'; nested exception is java.lang.NumberFormatException: For input string: "${jdbc.initialSize}"
	at org.springframework.beans.factory.annotation.AutowiredAnnotationBeanPostProcessor.postProcessPropertyValues(AutowiredAnnotationBeanPostProcessor.java:289)
	at org.springframework.beans.factory.support.AbstractAutowireCapableBeanFactory.populateBean(AbstractAutowireCapableBeanFactory.java:1146)
	at org.springframework.beans.factory.support.AbstractAutowireCapableBeanFactory.doCreateBean(AbstractAutowireCapableBeanFactory.java:519)
	at org.springframework.beans.factory.support.AbstractAutowireCapableBeanFactory.createBean(AbstractAutowireCapableBeanFactory.java:458)
	at org.springframework.beans.factory.support.AbstractBeanFactory$1.getObject(AbstractBeanFactory.java:296)
	at org.springframework.beans.factory.support.DefaultSingletonBeanRegistry.getSingleton(DefaultSingletonBeanRegistry.java:223)
	at org.springframework.beans.factory.support.AbstractBeanFactory.doGetBean(AbstractBeanFactory.java:293)
	at org.springframework.beans.factory.support.AbstractBeanFactory.getBean(AbstractBeanFactory.java:194)
	at org.springframework.beans.factory.support.DefaultListableBeanFactory.preInstantiateSingletons(DefaultListableBeanFactory.java:628)
	at org.springframework.context.support.AbstractApplicationContext.finishBeanFactoryInitialization(AbstractApplicationContext.java:932)
	at org.springframework.context.support.AbstractApplicationContext.refresh(AbstractApplicationContext.java:479)
	at org.springframework.web.context.ContextLoader.configureAndRefreshWebApplicationContext(ContextLoader.java:389)
	at org.springframework.web.context.ContextLoader.initWebApplicationContext(ContextLoader.java:294)
	at org.apache.tapestry5.internal.spring.SpringModuleDef$3$1.invoke(SpringModuleDef.java:194)
	at org.apache.tapestry5.ioc.internal.OperationTrackerImpl.invoke(OperationTrackerImpl.java:80)
	at org.apache.tapestry5.ioc.internal.PerThreadOperationTracker.invoke(PerThreadOperationTracker.java:89)
	at org.apache.tapestry5.ioc.internal.RegistryImpl.invoke(RegistryImpl.java:1138)
	at org.apache.tapestry5.internal.spring.SpringModuleDef$3.createObject(SpringModuleDef.java:184)
	at org.apache.tapestry5.ioc.internal.OperationTrackingObjectCreator$1.invoke(OperationTrackingObjectCreator.java:45)
	at org.apache.tapestry5.ioc.internal.OperationTrackerImpl.invoke(OperationTrackerImpl.java:80)
	at org.apache.tapestry5.ioc.internal.PerThreadOperationTracker.invoke(PerThreadOperationTracker.java:89)
	at org.apache.tapestry5.ioc.internal.RegistryImpl.invoke(RegistryImpl.java:1138)
	at org.apache.tapestry5.ioc.internal.OperationTrackingObjectCreator.createObject(OperationTrackingObjectCreator.java:49)
	at org.apache.tapestry5.ioc.internal.SingletonServiceLifecycle.createService(SingletonServiceLifecycle.java:29)
	at org.apache.tapestry5.ioc.internal.LifecycleWrappedServiceCreator.createObject(LifecycleWrappedServiceCreator.java:46)
	at org.apache.tapestry5.ioc.internal.AdvisorStackBuilder.createObject(AdvisorStackBuilder.java:63)
	at org.apache.tapestry5.ioc.internal.InterceptorStackBuilder.createObject(InterceptorStackBuilder.java:54)
	at org.apache.tapestry5.ioc.internal.RecursiveServiceCreationCheckWrapper.createObject(RecursiveServiceCreationCheckWrapper.java:60)
	at org.apache.tapestry5.ioc.internal.OperationTrackingObjectCreator$1.invoke(OperationTrackingObjectCreator.java:45)
	at org.apache.tapestry5.ioc.internal.OperationTrackerImpl.invoke(OperationTrackerImpl.java:80)
	at org.apache.tapestry5.ioc.internal.PerThreadOperationTracker.invoke(PerThreadOperationTracker.java:89)
	at org.apache.tapestry5.ioc.internal.RegistryImpl.invoke(RegistryImpl.java:1138)
	at org.apache.tapestry5.ioc.internal.OperationTrackingObjectCreator.createObject(OperationTrackingObjectCreator.java:49)
	at org.apache.tapestry5.ioc.internal.services.JustInTimeObjectCreator.obtainObjectFromCreator(JustInTimeObjectCreator.java:66)
	at org.apache.tapestry5.ioc.internal.services.JustInTimeObjectCreator.createObject(JustInTimeObjectCreator.java:54)
	at $ConfigurableWebApplicationContext_ba1af7dd1007.delegate(Unknown Source)
	at $ConfigurableWebApplicationContext_ba1af7dd1007.getBeanDefinitionCount(Unknown Source)
	at org.apache.tapestry5.spring.modules.SpringModule$1.initializeApplication(SpringModule.java:63)
	at $ApplicationInitializer_ba1af7dd101e.initializeApplication(Unknown Source)
	at org.apache.tapestry5.modules.TapestryModule$36.initializeApplication(TapestryModule.java:2165)
	at $ApplicationInitializer_ba1af7dd101e.initializeApplication(Unknown Source)
	at $ApplicationInitializer_ba1af7dd101a.initializeApplication(Unknown Source)
	at org.apache.tapestry5.modules.TapestryModule$ServletApplicationInitializerTerminator.initializeApplication(TapestryModule.java:277)
	at $ServletApplicationInitializer_ba1af7dd1000.initializeApplication(Unknown Source)
	at org.apache.tapestry5.TapestryFilter.init(TapestryFilter.java:110)
	at org.mortbay.jetty.servlet.FilterHolder.doStart(FilterHolder.java:97)
	at org.mortbay.component.AbstractLifeCycle.start(AbstractLifeCycle.java:50)
	at org.mortbay.jetty.servlet.ServletHandler.initialize(ServletHandler.java:662)
	at org.mortbay.jetty.servlet.Context.startContext(Context.java:140)
	at org.mortbay.jetty.webapp.WebAppContext.startContext(WebAppContext.java:1272)
	at org.mortbay.jetty.handler.ContextHandler.doStart(ContextHandler.java:517)
	at org.mortbay.jetty.webapp.WebAppContext.doStart(WebAppContext.java:489)
	at org.gradle.api.plugins.jetty.internal.JettyPluginWebAppContext.doStart(JettyPluginWebAppContext.java:112)
	at org.mortbay.component.AbstractLifeCycle.start(AbstractLifeCycle.java:50)
	at org.mortbay.jetty.handler.HandlerCollection.doStart(HandlerCollection.java:152)
	at org.mortbay.jetty.handler.ContextHandlerCollection.doStart(ContextHandlerCollection.java:156)
	at org.mortbay.component.AbstractLifeCycle.start(AbstractLifeCycle.java:50)
	at org.mortbay.jetty.handler.HandlerCollection.doStart(HandlerCollection.java:152)
	at org.mortbay.component.AbstractLifeCycle.start(AbstractLifeCycle.java:50)
	at org.mortbay.jetty.handler.HandlerWrapper.doStart(HandlerWrapper.java:130)
	at org.mortbay.jetty.Server.doStart(Server.java:224)
	at org.mortbay.component.AbstractLifeCycle.start(AbstractLifeCycle.java:50)
	at org.gradle.api.plugins.jetty.internal.Jetty6PluginServer.start(Jetty6PluginServer.java:111)
	at org.gradle.api.plugins.jetty.AbstractJettyRunTask.startJettyInternal(AbstractJettyRunTask.java:238)
	at org.gradle.api.plugins.jetty.AbstractJettyRunTask.startJetty(AbstractJettyRunTask.java:191)
	at org.gradle.api.plugins.jetty.AbstractJettyRunTask.start(AbstractJettyRunTask.java:162)
	at sun.reflect.NativeMethodAccessorImpl.invoke0(Native Method)
	at sun.reflect.NativeMethodAccessorImpl.invoke(NativeMethodAccessorImpl.java:39)
	at sun.reflect.DelegatingMethodAccessorImpl.invoke(DelegatingMethodAccessorImpl.java:25)
	at java.lang.reflect.Method.invoke(Method.java:597)
	at org.gradle.internal.reflect.JavaMethod.invoke(JavaMethod.java:63)
	at org.gradle.api.internal.project.taskfactory.AnnotationProcessingTaskFactory$StandardTaskAction.doExecute(AnnotationProcessingTaskFactory.java:219)
	at org.gradle.api.internal.project.taskfactory.AnnotationProcessingTaskFactory$StandardTaskAction.execute(AnnotationProcessingTaskFactory.java:212)
	at org.gradle.api.internal.project.taskfactory.AnnotationProcessingTaskFactory$StandardTaskAction.execute(AnnotationProcessingTaskFactory.java:201)
	at org.gradle.api.internal.AbstractTask$TaskActionWrapper.execute(AbstractTask.java:533)
	at org.gradle.api.internal.AbstractTask$TaskActionWrapper.execute(AbstractTask.java:516)
	at org.gradle.api.internal.tasks.execution.ExecuteActionsTaskExecuter.executeAction(ExecuteActionsTaskExecuter.java:80)
	at org.gradle.api.internal.tasks.execution.ExecuteActionsTaskExecuter.executeActions(ExecuteActionsTaskExecuter.java:61)
	at org.gradle.api.internal.tasks.execution.ExecuteActionsTaskExecuter.execute(ExecuteActionsTaskExecuter.java:46)
	at org.gradle.api.internal.tasks.execution.PostExecutionAnalysisTaskExecuter.execute(PostExecutionAnalysisTaskExecuter.java:35)
	at org.gradle.api.internal.tasks.execution.SkipUpToDateTaskExecuter.execute(SkipUpToDateTaskExecuter.java:64)
	at org.gradle.api.internal.tasks.execution.ValidatingTaskExecuter.execute(ValidatingTaskExecuter.java:58)
	at org.gradle.api.internal.tasks.execution.SkipEmptySourceFilesTaskExecuter.execute(SkipEmptySourceFilesTaskExecuter.java:42)
	at org.gradle.api.internal.tasks.execution.SkipTaskWithNoActionsExecuter.execute(SkipTaskWithNoActionsExecuter.java:52)
	at org.gradle.api.internal.tasks.execution.SkipOnlyIfTaskExecuter.execute(SkipOnlyIfTaskExecuter.java:53)
	at org.gradle.api.internal.tasks.execution.ExecuteAtMostOnceTaskExecuter.execute(ExecuteAtMostOnceTaskExecuter.java:43)
	at org.gradle.api.internal.AbstractTask.executeWithoutThrowingTaskFailure(AbstractTask.java:289)
	at org.gradle.execution.taskgraph.AbstractTaskPlanExecutor$TaskExecutorWorker.executeTask(AbstractTaskPlanExecutor.java:79)
	at org.gradle.execution.taskgraph.AbstractTaskPlanExecutor$TaskExecutorWorker.processTask(AbstractTaskPlanExecutor.java:63)
	at org.gradle.execution.taskgraph.AbstractTaskPlanExecutor$TaskExecutorWorker.run(AbstractTaskPlanExecutor.java:51)
	at org.gradle.execution.taskgraph.DefaultTaskPlanExecutor.process(DefaultTaskPlanExecutor.java:23)
	at org.gradle.execution.taskgraph.DefaultTaskGraphExecuter.execute(DefaultTaskGraphExecuter.java:86)
	at org.gradle.execution.SelectedTaskExecutionAction.execute(SelectedTaskExecutionAction.java:29)
	at org.gradle.execution.DefaultBuildExecuter.execute(DefaultBuildExecuter.java:61)
	at org.gradle.execution.DefaultBuildExecuter.access$200(DefaultBuildExecuter.java:23)
	at org.gradle.execution.DefaultBuildExecuter$2.proceed(DefaultBuildExecuter.java:67)
	at org.gradle.execution.DryRunBuildExecutionAction.execute(DryRunBuildExecutionAction.java:32)
	at org.gradle.execution.DefaultBuildExecuter.execute(DefaultBuildExecuter.java:61)
	at org.gradle.execution.DefaultBuildExecuter.execute(DefaultBuildExecuter.java:54)
	at org.gradle.initialization.DefaultGradleLauncher.doBuildStages(DefaultGradleLauncher.java:166)
	at org.gradle.initialization.DefaultGradleLauncher.doBuild(DefaultGradleLauncher.java:113)
	at org.gradle.initialization.DefaultGradleLauncher.run(DefaultGradleLauncher.java:81)
	at org.gradle.launcher.exec.InProcessBuildActionExecuter$DefaultBuildController.run(InProcessBuildActionExecuter.java:64)
	at org.gradle.launcher.cli.ExecuteBuildAction.run(ExecuteBuildAction.java:33)
	at org.gradle.launcher.cli.ExecuteBuildAction.run(ExecuteBuildAction.java:24)
	at org.gradle.launcher.exec.InProcessBuildActionExecuter.execute(InProcessBuildActionExecuter.java:35)
	at org.gradle.launcher.exec.InProcessBuildActionExecuter.execute(InProcessBuildActionExecuter.java:26)
	at org.gradle.launcher.cli.RunBuildAction.run(RunBuildAction.java:50)
	at org.gradle.internal.Actions$RunnableActionAdapter.execute(Actions.java:171)
	at org.gradle.launcher.cli.CommandLineActionFactory$ParseAndBuildAction.execute(CommandLineActionFactory.java:201)
	at org.gradle.launcher.cli.CommandLineActionFactory$ParseAndBuildAction.execute(CommandLineActionFactory.java:174)
	at org.gradle.launcher.cli.CommandLineActionFactory$WithLogging.execute(CommandLineActionFactory.java:170)
	at org.gradle.launcher.cli.CommandLineActionFactory$WithLogging.execute(CommandLineActionFactory.java:139)
	at org.gradle.launcher.cli.ExceptionReportingAction.execute(ExceptionReportingAction.java:33)
	at org.gradle.launcher.cli.ExceptionReportingAction.execute(ExceptionReportingAction.java:22)
	at org.gradle.launcher.Main.doAction(Main.java:46)
	at org.gradle.launcher.bootstrap.EntryPoint.run(EntryPoint.java:45)
	at org.gradle.launcher.Main.main(Main.java:37)
	at sun.reflect.NativeMethodAccessorImpl.invoke0(Native Method)
	at sun.reflect.NativeMethodAccessorImpl.invoke(NativeMethodAccessorImpl.java:39)
	at sun.reflect.DelegatingMethodAccessorImpl.invoke(DelegatingMethodAccessorImpl.java:25)
	at java.lang.reflect.Method.invoke(Method.java:597)
	at org.gradle.launcher.bootstrap.ProcessBootstrap.runNoExit(ProcessBootstrap.java:50)
	at org.gradle.launcher.bootstrap.ProcessBootstrap.run(ProcessBootstrap.java:32)
	at org.gradle.launcher.GradleMain.main(GradleMain.java:23)
Caused by: org.springframework.beans.factory.BeanCreationException: Could not autowire field: private int org.hejin.newapp.configuration.HyungeunConfiguration.initialSize; nested exception is org.springframework.beans.TypeMismatchException: Failed to convert value of type 'java.lang.String' to required type 'int'; nested exception is java.lang.NumberFormatException: For input string: "${jdbc.initialSize}"
	at org.springframework.beans.factory.annotation.AutowiredAnnotationBeanPostProcessor$AutowiredFieldElement.inject(AutowiredAnnotationBeanPostProcessor.java:517)
	at org.springframework.beans.factory.annotation.InjectionMetadata.inject(InjectionMetadata.java:87)
	at org.springframework.beans.factory.annotation.AutowiredAnnotationBeanPostProcessor.postProcessPropertyValues(AutowiredAnnotationBeanPostProcessor.java:286)
	... 124 more
Caused by: org.springframework.beans.TypeMismatchException: Failed to convert value of type 'java.lang.String' to required type 'int'; nested exception is java.lang.NumberFormatException: For input string: "${jdbc.initialSize}"
	at org.springframework.beans.TypeConverterSupport.doConvert(TypeConverterSupport.java:74)
	at org.springframework.beans.TypeConverterSupport.convertIfNecessary(TypeConverterSupport.java:51)
	at org.springframework.beans.factory.support.DefaultListableBeanFactory.doResolveDependency(DefaultListableBeanFactory.java:785)
	at org.springframework.beans.factory.support.DefaultListableBeanFactory.resolveDependency(DefaultListableBeanFactory.java:770)
	at org.apache.tapestry5.internal.spring.TapestryBeanFactory.resolveDependency(TapestryBeanFactory.java:75)
	at org.springframework.beans.factory.annotation.AutowiredAnnotationBeanPostProcessor$AutowiredFieldElement.inject(AutowiredAnnotationBeanPostProcessor.java:489)
	... 126 more
Caused by: java.lang.NumberFormatException: For input string: "${jdbc.initialSize}"
	at java.lang.NumberFormatException.forInputString(NumberFormatException.java:48)
	at java.lang.Integer.parseInt(Integer.java:449)
	at java.lang.Integer.valueOf(Integer.java:554)
	at org.springframework.util.NumberUtils.parseNumber(NumberUtils.java:155)
	at org.springframework.beans.propertyeditors.CustomNumberEditor.setAsText(CustomNumberEditor.java:115)
	at org.springframework.beans.TypeConverterDelegate.doConvertTextValue(TypeConverterDelegate.java:455)
	at org.springframework.beans.TypeConverterDelegate.doConvertValue(TypeConverterDelegate.java:427)
	at org.springframework.beans.TypeConverterDelegate.convertIfNecessary(TypeConverterDelegate.java:181)
	at org.springframework.beans.TypeConverterDelegate.convertIfNecessary(TypeConverterDelegate.java:110)
	at org.springframework.beans.TypeConverterSupport.doConvert(TypeConverterSupport.java:58)
	... 131 more
[2014-06-19 18:24:15] INFO  [ContextLoader.java:273] Root WebApplicationContext: initialization started
[2014-06-19 18:24:15] INFO  [XmlBeanDefinitionReader.java:315] Loading XML bean definitions from file [C:\git\dongtuan\build\resources\main\META-INF\spring\applicationContext.xml]
[2014-06-19 18:24:16] INFO  [PropertiesLoaderSupport.java:172] Loading properties file from class path resource [META-INF/spring/config.properties]
[2014-06-19 18:24:16] INFO  [AutowiredAnnotationBeanPostProcessor.java:141] JSR-330 'javax.inject.Inject' annotation found and supported for autowiring
[2014-06-19 18:24:17] INFO  [HibernateTransactionManager.java:339] Using DataSource [org.apache.commons.dbcp.BasicDataSource@504a89f7] of Hibernate SessionFactory for HibernateTransactionManager
[2014-06-19 18:24:17] INFO  [ContextLoader.java:313] Root WebApplicationContext: initialization completed in 2276 ms
[2014-06-19 19:16:29] INFO  [ContextLoader.java:273] Root WebApplicationContext: initialization started
[2014-06-19 19:16:29] INFO  [XmlBeanDefinitionReader.java:315] Loading XML bean definitions from file [C:\git\dongtuan\build\resources\main\META-INF\spring\applicationContext.xml]
[2014-06-19 19:16:30] INFO  [PropertiesLoaderSupport.java:172] Loading properties file from class path resource [META-INF/spring/config.properties]
[2014-06-19 19:16:30] INFO  [AutowiredAnnotationBeanPostProcessor.java:141] JSR-330 'javax.inject.Inject' annotation found and supported for autowiring
[2014-06-19 19:16:35] INFO  [HibernateTransactionManager.java:339] Using DataSource [org.apache.commons.dbcp.BasicDataSource@13b0d75f] of Hibernate SessionFactory for HibernateTransactionManager
[2014-06-19 19:16:35] INFO  [ContextLoader.java:313] Root WebApplicationContext: initialization completed in 6224 ms
[2014-06-19 19:17:33] INFO  [ContextLoader.java:273] Root WebApplicationContext: initialization started
[2014-06-19 19:17:33] INFO  [XmlBeanDefinitionReader.java:315] Loading XML bean definitions from file [C:\git\dongtuan\build\resources\main\META-INF\spring\applicationContext.xml]
[2014-06-19 19:17:34] INFO  [PropertiesLoaderSupport.java:172] Loading properties file from class path resource [META-INF/spring/config.properties]
[2014-06-19 19:17:34] INFO  [AutowiredAnnotationBeanPostProcessor.java:141] JSR-330 'javax.inject.Inject' annotation found and supported for autowiring
[2014-06-19 19:17:39] INFO  [HibernateTransactionManager.java:339] Using DataSource [org.apache.commons.dbcp.BasicDataSource@781f2867] of Hibernate SessionFactory for HibernateTransactionManager
[2014-06-19 19:17:39] INFO  [ContextLoader.java:313] Root WebApplicationContext: initialization completed in 6230 ms
[2014-06-19 19:19:18] INFO  [ContextLoader.java:273] Root WebApplicationContext: initialization started
[2014-06-19 19:19:18] INFO  [XmlBeanDefinitionReader.java:315] Loading XML bean definitions from file [C:\git\dongtuan\build\resources\main\META-INF\spring\applicationContext.xml]
[2014-06-19 19:19:19] INFO  [PropertiesLoaderSupport.java:172] Loading properties file from class path resource [META-INF/spring/config.properties]
[2014-06-19 19:19:19] INFO  [AutowiredAnnotationBeanPostProcessor.java:141] JSR-330 'javax.inject.Inject' annotation found and supported for autowiring
[2014-06-19 19:19:24] INFO  [HibernateTransactionManager.java:339] Using DataSource [org.apache.commons.dbcp.BasicDataSource@4be74b83] of Hibernate SessionFactory for HibernateTransactionManager
[2014-06-19 19:19:24] INFO  [ContextLoader.java:313] Root WebApplicationContext: initialization completed in 6284 ms
[2014-06-19 19:32:40] INFO  [ContextLoader.java:273] Root WebApplicationContext: initialization started
[2014-06-19 19:32:41] INFO  [XmlBeanDefinitionReader.java:315] Loading XML bean definitions from file [C:\git\dongtuan\build\resources\main\META-INF\spring\applicationContext.xml]
[2014-06-19 19:32:41] INFO  [PropertiesLoaderSupport.java:172] Loading properties file from class path resource [META-INF/spring/config.properties]
[2014-06-19 19:32:41] INFO  [AutowiredAnnotationBeanPostProcessor.java:141] JSR-330 'javax.inject.Inject' annotation found and supported for autowiring
[2014-06-19 19:32:47] INFO  [HibernateTransactionManager.java:339] Using DataSource [org.apache.commons.dbcp.BasicDataSource@18ff8acd] of Hibernate SessionFactory for HibernateTransactionManager
[2014-06-19 19:32:47] INFO  [ContextLoader.java:313] Root WebApplicationContext: initialization completed in 6339 ms
[2014-06-19 19:33:50] INFO  [ContextLoader.java:273] Root WebApplicationContext: initialization started
[2014-06-19 19:33:50] INFO  [XmlBeanDefinitionReader.java:315] Loading XML bean definitions from file [C:\git\dongtuan\build\resources\main\META-INF\spring\applicationContext.xml]
[2014-06-19 19:33:51] INFO  [PropertiesLoaderSupport.java:172] Loading properties file from class path resource [META-INF/spring/config.properties]
[2014-06-19 19:33:51] INFO  [AutowiredAnnotationBeanPostProcessor.java:141] JSR-330 'javax.inject.Inject' annotation found and supported for autowiring
[2014-06-19 19:33:56] INFO  [HibernateTransactionManager.java:339] Using DataSource [org.apache.commons.dbcp.BasicDataSource@39563a3d] of Hibernate SessionFactory for HibernateTransactionManager
[2014-06-19 19:33:56] INFO  [ContextLoader.java:313] Root WebApplicationContext: initialization completed in 6110 ms
[2014-06-19 19:34:49] INFO  [ContextLoader.java:273] Root WebApplicationContext: initialization started
[2014-06-19 19:34:49] INFO  [XmlBeanDefinitionReader.java:315] Loading XML bean definitions from file [C:\git\dongtuan\build\resources\main\META-INF\spring\applicationContext.xml]
[2014-06-19 19:34:50] INFO  [PropertiesLoaderSupport.java:172] Loading properties file from class path resource [META-INF/spring/config.properties]
[2014-06-19 19:34:50] INFO  [AutowiredAnnotationBeanPostProcessor.java:141] JSR-330 'javax.inject.Inject' annotation found and supported for autowiring
[2014-06-19 19:34:55] INFO  [HibernateTransactionManager.java:339] Using DataSource [org.apache.commons.dbcp.BasicDataSource@1f96a21e] of Hibernate SessionFactory for HibernateTransactionManager
[2014-06-19 19:34:55] INFO  [ContextLoader.java:313] Root WebApplicationContext: initialization completed in 6202 ms
[2014-06-19 19:59:31] INFO  [ContextLoader.java:273] Root WebApplicationContext: initialization started
[2014-06-19 19:59:31] INFO  [XmlBeanDefinitionReader.java:315] Loading XML bean definitions from file [C:\git\dongtuan\build\resources\main\META-INF\spring\applicationContext.xml]
[2014-06-19 19:59:31] INFO  [PropertiesLoaderSupport.java:172] Loading properties file from class path resource [META-INF/spring/config.properties]
[2014-06-19 19:59:31] INFO  [AutowiredAnnotationBeanPostProcessor.java:141] JSR-330 'javax.inject.Inject' annotation found and supported for autowiring
[2014-06-19 19:59:37] INFO  [HibernateTransactionManager.java:339] Using DataSource [org.apache.commons.dbcp.BasicDataSource@5c0c08a7] of Hibernate SessionFactory for HibernateTransactionManager
[2014-06-19 19:59:37] INFO  [ContextLoader.java:313] Root WebApplicationContext: initialization completed in 6192 ms
[2014-06-19 20:17:24] INFO  [ContextLoader.java:273] Root WebApplicationContext: initialization started
[2014-06-19 20:17:24] INFO  [XmlBeanDefinitionReader.java:315] Loading XML bean definitions from file [C:\git\dongtuan\build\resources\main\META-INF\spring\applicationContext.xml]
[2014-06-19 20:17:24] INFO  [PropertiesLoaderSupport.java:172] Loading properties file from class path resource [META-INF/spring/config.properties]
[2014-06-19 20:17:24] INFO  [AutowiredAnnotationBeanPostProcessor.java:141] JSR-330 'javax.inject.Inject' annotation found and supported for autowiring
[2014-06-19 20:17:30] INFO  [HibernateTransactionManager.java:339] Using DataSource [org.apache.commons.dbcp.BasicDataSource@52d7c147] of Hibernate SessionFactory for HibernateTransactionManager
[2014-06-19 20:17:30] INFO  [ContextLoader.java:313] Root WebApplicationContext: initialization completed in 6329 ms
[2014-06-19 20:18:19] INFO  [ContextLoader.java:273] Root WebApplicationContext: initialization started
[2014-06-19 20:18:19] INFO  [XmlBeanDefinitionReader.java:315] Loading XML bean definitions from file [C:\git\dongtuan\build\resources\main\META-INF\spring\applicationContext.xml]
[2014-06-19 20:18:19] INFO  [PropertiesLoaderSupport.java:172] Loading properties file from class path resource [META-INF/spring/config.properties]
[2014-06-19 20:18:19] INFO  [AutowiredAnnotationBeanPostProcessor.java:141] JSR-330 'javax.inject.Inject' annotation found and supported for autowiring
[2014-06-19 20:18:25] INFO  [HibernateTransactionManager.java:339] Using DataSource [org.apache.commons.dbcp.BasicDataSource@af094f2] of Hibernate SessionFactory for HibernateTransactionManager
[2014-06-19 20:18:25] INFO  [ContextLoader.java:313] Root WebApplicationContext: initialization completed in 6316 ms
[2014-06-19 20:20:23] INFO  [ContextLoader.java:273] Root WebApplicationContext: initialization started
[2014-06-19 20:20:23] INFO  [XmlBeanDefinitionReader.java:315] Loading XML bean definitions from file [C:\git\dongtuan\build\classes\main\META-INF\spring\applicationContext.xml]
[2014-06-19 20:20:24] INFO  [XmlBeanDefinitionReader.java:315] Loading XML bean definitions from file [C:\git\dongtuan\build\resources\main\META-INF\spring\applicationContext.xml]
[2014-06-19 20:20:24] INFO  [PropertiesLoaderSupport.java:172] Loading properties file from class path resource [META-INF/spring/config.properties]
[2014-06-19 20:20:24] INFO  [AutowiredAnnotationBeanPostProcessor.java:141] JSR-330 'javax.inject.Inject' annotation found and supported for autowiring
[2014-06-19 20:20:30] INFO  [HibernateTransactionManager.java:339] Using DataSource [org.apache.commons.dbcp.BasicDataSource@42d9a8c6] of Hibernate SessionFactory for HibernateTransactionManager
[2014-06-19 20:20:30] INFO  [ContextLoader.java:313] Root WebApplicationContext: initialization completed in 7138 ms
[2014-06-19 20:37:17] INFO  [ContextLoader.java:273] Root WebApplicationContext: initialization started
[2014-06-19 20:37:17] INFO  [XmlBeanDefinitionReader.java:315] Loading XML bean definitions from file [C:\git\dongtuan\build\classes\main\META-INF\spring\applicationContext.xml]
[2014-06-19 20:37:18] INFO  [XmlBeanDefinitionReader.java:315] Loading XML bean definitions from file [C:\git\dongtuan\build\resources\main\META-INF\spring\applicationContext.xml]
[2014-06-19 20:37:18] INFO  [PropertiesLoaderSupport.java:172] Loading properties file from class path resource [META-INF/spring/config.properties]
[2014-06-19 20:37:18] INFO  [AutowiredAnnotationBeanPostProcessor.java:141] JSR-330 'javax.inject.Inject' annotation found and supported for autowiring
[2014-06-19 20:37:24] INFO  [HibernateTransactionManager.java:339] Using DataSource [org.apache.commons.dbcp.BasicDataSource@7817ea54] of Hibernate SessionFactory for HibernateTransactionManager
[2014-06-19 20:37:24] INFO  [ContextLoader.java:313] Root WebApplicationContext: initialization completed in 6275 ms
[2014-06-19 20:41:19] INFO  [ContextLoader.java:273] Root WebApplicationContext: initialization started
[2014-06-19 20:41:19] INFO  [XmlBeanDefinitionReader.java:315] Loading XML bean definitions from file [C:\git\dongtuan\build\classes\main\META-INF\spring\applicationContext.xml]
[2014-06-19 20:41:20] INFO  [XmlBeanDefinitionReader.java:315] Loading XML bean definitions from file [C:\git\dongtuan\build\resources\main\META-INF\spring\applicationContext.xml]
[2014-06-19 20:41:20] INFO  [PropertiesLoaderSupport.java:172] Loading properties file from class path resource [META-INF/spring/config.properties]
[2014-06-19 20:41:20] INFO  [AutowiredAnnotationBeanPostProcessor.java:141] JSR-330 'javax.inject.Inject' annotation found and supported for autowiring
[2014-06-19 20:41:26] INFO  [HibernateTransactionManager.java:339] Using DataSource [org.apache.commons.dbcp.BasicDataSource@4d299f0a] of Hibernate SessionFactory for HibernateTransactionManager
[2014-06-19 20:41:26] INFO  [ContextLoader.java:313] Root WebApplicationContext: initialization completed in 6847 ms
[2014-06-19 20:58:15] INFO  [XmlBeanDefinitionReader.java:315] Loading XML bean definitions from class path resource [META-INF/spring/applicationContext.xml]
[2014-06-19 20:58:15] INFO  [AbstractApplicationContext.java:510] Refreshing org.springframework.context.support.GenericApplicationContext@175093f1: startup date [Thu Jun 19 20:58:15 GMT+09:00 2014]; root of context hierarchy
[2014-06-19 20:58:16] INFO  [PropertiesLoaderSupport.java:172] Loading properties file from class path resource [META-INF/spring/config.properties]
[2014-06-19 20:58:16] INFO  [AutowiredAnnotationBeanPostProcessor.java:141] JSR-330 'javax.inject.Inject' annotation found and supported for autowiring
[2014-06-19 20:58:16] INFO  [DefaultListableBeanFactory.java:598] Pre-instantiating singletons in org.springframework.beans.factory.support.DefaultListableBeanFactory@105691e: defining beans [hyungeunConfiguration,org.springframework.context.annotation.internalConfigurationAnnotationProcessor,org.springframework.context.annotation.internalAutowiredAnnotationProcessor,org.springframework.context.annotation.internalRequiredAnnotationProcessor,org.springframework.context.annotation.internalCommonAnnotationProcessor,org.springframework.context.annotation.internalPersistenceAnnotationProcessor,org.springframework.aop.config.internalAutoProxyCreator,org.springframework.transaction.annotation.AnnotationTransactionAttributeSource#0,org.springframework.transaction.interceptor.TransactionInterceptor#0,org.springframework.transaction.config.internalTransactionAdvisor,org.springframework.context.annotation.ConfigurationClassPostProcessor.importAwareProcessor,org.hejin.newapp.configuration.HyungeunConfiguration$DevelopmentConfig,propertySourcesPlaceholderConfigurer,dataSource,sessionFactory,transactionManager]; root of factory hierarchy
[2014-06-19 20:58:17] INFO  [HibernateTransactionManager.java:339] Using DataSource [org.apache.commons.dbcp.BasicDataSource@111edceb] of Hibernate SessionFactory for HibernateTransactionManager
[2014-06-19 20:58:17] INFO  [TransactionalTestExecutionListener.java:279] Began transaction (1): transaction manager [org.springframework.orm.hibernate4.HibernateTransactionManager@71412b61]; rollback [true]
[2014-06-19 20:58:17] INFO  [TransactionalTestExecutionListener.java:299] Rolled back transaction after test execution for test context [TestContext@4b33f6dd testClass = BoardTest, testInstance = org.hejin.newapp.board.test.BoardTest@40944dbd, testMethod = insertTest@BoardTest, testException = [null], mergedContextConfiguration = [MergedContextConfiguration@487bd46a testClass = BoardTest, locations = '{classpath:META-INF/spring/applicationContext.xml}', classes = '{}', contextInitializerClasses = '[]', activeProfiles = '{development}', contextLoader = 'org.springframework.test.context.support.DelegatingSmartContextLoader', parent = [null]]]
[2014-06-19 20:58:17] INFO  [AbstractApplicationContext.java:1042] Closing org.springframework.context.support.GenericApplicationContext@175093f1: startup date [Thu Jun 19 20:58:15 GMT+09:00 2014]; root of context hierarchy
[2014-06-19 20:58:17] INFO  [DefaultSingletonBeanRegistry.java:444] Destroying singletons in org.springframework.beans.factory.support.DefaultListableBeanFactory@105691e: defining beans [hyungeunConfiguration,org.springframework.context.annotation.internalConfigurationAnnotationProcessor,org.springframework.context.annotation.internalAutowiredAnnotationProcessor,org.springframework.context.annotation.internalRequiredAnnotationProcessor,org.springframework.context.annotation.internalCommonAnnotationProcessor,org.springframework.context.annotation.internalPersistenceAnnotationProcessor,org.springframework.aop.config.internalAutoProxyCreator,org.springframework.transaction.annotation.AnnotationTransactionAttributeSource#0,org.springframework.transaction.interceptor.TransactionInterceptor#0,org.springframework.transaction.config.internalTransactionAdvisor,org.springframework.context.annotation.ConfigurationClassPostProcessor.importAwareProcessor,org.hejin.newapp.configuration.HyungeunConfiguration$DevelopmentConfig,propertySourcesPlaceholderConfigurer,dataSource,sessionFactory,transactionManager]; root of factory hierarchy
[2014-06-19 20:59:13] INFO  [XmlBeanDefinitionReader.java:315] Loading XML bean definitions from class path resource [META-INF/spring/applicationContext.xml]
[2014-06-19 20:59:13] INFO  [AbstractApplicationContext.java:510] Refreshing org.springframework.context.support.GenericApplicationContext@2b20bf2c: startup date [Thu Jun 19 20:59:13 GMT+09:00 2014]; root of context hierarchy
[2014-06-19 20:59:13] INFO  [PropertiesLoaderSupport.java:172] Loading properties file from class path resource [META-INF/spring/config.properties]
[2014-06-19 20:59:13] INFO  [AutowiredAnnotationBeanPostProcessor.java:141] JSR-330 'javax.inject.Inject' annotation found and supported for autowiring
[2014-06-19 20:59:13] INFO  [DefaultListableBeanFactory.java:598] Pre-instantiating singletons in org.springframework.beans.factory.support.DefaultListableBeanFactory@105691e: defining beans [hyungeunConfiguration,org.springframework.context.annotation.internalConfigurationAnnotationProcessor,org.springframework.context.annotation.internalAutowiredAnnotationProcessor,org.springframework.context.annotation.internalRequiredAnnotationProcessor,org.springframework.context.annotation.internalCommonAnnotationProcessor,org.springframework.context.annotation.internalPersistenceAnnotationProcessor,org.springframework.aop.config.internalAutoProxyCreator,org.springframework.transaction.annotation.AnnotationTransactionAttributeSource#0,org.springframework.transaction.interceptor.TransactionInterceptor#0,org.springframework.transaction.config.internalTransactionAdvisor,org.springframework.context.annotation.ConfigurationClassPostProcessor.importAwareProcessor,org.hejin.newapp.configuration.HyungeunConfiguration$DevelopmentConfig,propertySourcesPlaceholderConfigurer,dataSource,sessionFactory,transactionManager]; root of factory hierarchy
[2014-06-19 20:59:19] INFO  [HibernateTransactionManager.java:339] Using DataSource [org.apache.commons.dbcp.BasicDataSource@c07bacb] of Hibernate SessionFactory for HibernateTransactionManager
[2014-06-19 20:59:19] INFO  [TransactionalTestExecutionListener.java:279] Began transaction (1): transaction manager [org.springframework.orm.hibernate4.HibernateTransactionManager@dd0feea]; rollback [true]
[2014-06-19 20:59:19] INFO  [TransactionalTestExecutionListener.java:299] Rolled back transaction after test execution for test context [TestContext@76190efc testClass = BoardTest, testInstance = org.hejin.newapp.board.test.BoardTest@6726fef6, testMethod = insertTest@BoardTest, testException = [null], mergedContextConfiguration = [MergedContextConfiguration@312cfd62 testClass = BoardTest, locations = '{classpath:META-INF/spring/applicationContext.xml}', classes = '{}', contextInitializerClasses = '[]', activeProfiles = '{development}', contextLoader = 'org.springframework.test.context.support.DelegatingSmartContextLoader', parent = [null]]]
[2014-06-19 20:59:19] INFO  [AbstractApplicationContext.java:1042] Closing org.springframework.context.support.GenericApplicationContext@2b20bf2c: startup date [Thu Jun 19 20:59:13 GMT+09:00 2014]; root of context hierarchy
[2014-06-19 20:59:19] INFO  [DefaultSingletonBeanRegistry.java:444] Destroying singletons in org.springframework.beans.factory.support.DefaultListableBeanFactory@105691e: defining beans [hyungeunConfiguration,org.springframework.context.annotation.internalConfigurationAnnotationProcessor,org.springframework.context.annotation.internalAutowiredAnnotationProcessor,org.springframework.context.annotation.internalRequiredAnnotationProcessor,org.springframework.context.annotation.internalCommonAnnotationProcessor,org.springframework.context.annotation.internalPersistenceAnnotationProcessor,org.springframework.aop.config.internalAutoProxyCreator,org.springframework.transaction.annotation.AnnotationTransactionAttributeSource#0,org.springframework.transaction.interceptor.TransactionInterceptor#0,org.springframework.transaction.config.internalTransactionAdvisor,org.springframework.context.annotation.ConfigurationClassPostProcessor.importAwareProcessor,org.hejin.newapp.configuration.HyungeunConfiguration$DevelopmentConfig,propertySourcesPlaceholderConfigurer,dataSource,sessionFactory,transactionManager]; root of factory hierarchy
[2014-06-19 21:00:34] INFO  [XmlBeanDefinitionReader.java:315] Loading XML bean definitions from class path resource [META-INF/spring/applicationContext.xml]
[2014-06-19 21:00:34] INFO  [AbstractApplicationContext.java:510] Refreshing org.springframework.context.support.GenericApplicationContext@199836ed: startup date [Thu Jun 19 21:00:34 GMT+09:00 2014]; root of context hierarchy
[2014-06-19 21:00:35] INFO  [PropertiesLoaderSupport.java:172] Loading properties file from class path resource [META-INF/spring/config.properties]
[2014-06-19 21:00:35] INFO  [AutowiredAnnotationBeanPostProcessor.java:141] JSR-330 'javax.inject.Inject' annotation found and supported for autowiring
[2014-06-19 21:00:35] INFO  [DefaultListableBeanFactory.java:598] Pre-instantiating singletons in org.springframework.beans.factory.support.DefaultListableBeanFactory@26aae86e: defining beans [hyungeunConfiguration,org.springframework.context.annotation.internalConfigurationAnnotationProcessor,org.springframework.context.annotation.internalAutowiredAnnotationProcessor,org.springframework.context.annotation.internalRequiredAnnotationProcessor,org.springframework.context.annotation.internalCommonAnnotationProcessor,org.springframework.context.annotation.internalPersistenceAnnotationProcessor,org.springframework.aop.config.internalAutoProxyCreator,org.springframework.transaction.annotation.AnnotationTransactionAttributeSource#0,org.springframework.transaction.interceptor.TransactionInterceptor#0,org.springframework.transaction.config.internalTransactionAdvisor,org.springframework.context.annotation.ConfigurationClassPostProcessor.importAwareProcessor,org.hejin.newapp.configuration.HyungeunConfiguration$DevelopmentConfig,propertySourcesPlaceholderConfigurer,dataSource,sessionFactory,transactionManager]; root of factory hierarchy
[2014-06-19 21:00:36] INFO  [HibernateTransactionManager.java:339] Using DataSource [org.apache.commons.dbcp.BasicDataSource@5dd6c336] of Hibernate SessionFactory for HibernateTransactionManager
[2014-06-19 21:00:36] INFO  [TransactionalTestExecutionListener.java:279] Began transaction (1): transaction manager [org.springframework.orm.hibernate4.HibernateTransactionManager@39b6a053]; rollback [true]
[2014-06-19 21:00:36] INFO  [TransactionalTestExecutionListener.java:299] Rolled back transaction after test execution for test context [TestContext@30b5ac2c testClass = BoardTest, testInstance = org.hejin.newapp.board.test.BoardTest@673a95af, testMethod = insertTest@BoardTest, testException = [null], mergedContextConfiguration = [MergedContextConfiguration@3739491b testClass = BoardTest, locations = '{classpath:META-INF/spring/applicationContext.xml}', classes = '{}', contextInitializerClasses = '[]', activeProfiles = '{development}', contextLoader = 'org.springframework.test.context.support.DelegatingSmartContextLoader', parent = [null]]]
[2014-06-19 21:00:36] INFO  [AbstractApplicationContext.java:1042] Closing org.springframework.context.support.GenericApplicationContext@199836ed: startup date [Thu Jun 19 21:00:34 GMT+09:00 2014]; root of context hierarchy
[2014-06-19 21:00:36] INFO  [DefaultSingletonBeanRegistry.java:444] Destroying singletons in org.springframework.beans.factory.support.DefaultListableBeanFactory@26aae86e: defining beans [hyungeunConfiguration,org.springframework.context.annotation.internalConfigurationAnnotationProcessor,org.springframework.context.annotation.internalAutowiredAnnotationProcessor,org.springframework.context.annotation.internalRequiredAnnotationProcessor,org.springframework.context.annotation.internalCommonAnnotationProcessor,org.springframework.context.annotation.internalPersistenceAnnotationProcessor,org.springframework.aop.config.internalAutoProxyCreator,org.springframework.transaction.annotation.AnnotationTransactionAttributeSource#0,org.springframework.transaction.interceptor.TransactionInterceptor#0,org.springframework.transaction.config.internalTransactionAdvisor,org.springframework.context.annotation.ConfigurationClassPostProcessor.importAwareProcessor,org.hejin.newapp.configuration.HyungeunConfiguration$DevelopmentConfig,propertySourcesPlaceholderConfigurer,dataSource,sessionFactory,transactionManager]; root of factory hierarchy
[2014-06-19 21:01:21] INFO  [XmlBeanDefinitionReader.java:315] Loading XML bean definitions from class path resource [META-INF/spring/applicationContext.xml]
[2014-06-19 21:01:21] INFO  [AbstractApplicationContext.java:510] Refreshing org.springframework.context.support.GenericApplicationContext@199836ed: startup date [Thu Jun 19 21:01:21 GMT+09:00 2014]; root of context hierarchy
[2014-06-19 21:01:21] INFO  [PropertiesLoaderSupport.java:172] Loading properties file from class path resource [META-INF/spring/config.properties]
[2014-06-19 21:01:21] INFO  [AutowiredAnnotationBeanPostProcessor.java:141] JSR-330 'javax.inject.Inject' annotation found and supported for autowiring
[2014-06-19 21:01:21] INFO  [DefaultListableBeanFactory.java:598] Pre-instantiating singletons in org.springframework.beans.factory.support.DefaultListableBeanFactory@a383118: defining beans [hyungeunConfiguration,org.springframework.context.annotation.internalConfigurationAnnotationProcessor,org.springframework.context.annotation.internalAutowiredAnnotationProcessor,org.springframework.context.annotation.internalRequiredAnnotationProcessor,org.springframework.context.annotation.internalCommonAnnotationProcessor,org.springframework.context.annotation.internalPersistenceAnnotationProcessor,org.springframework.aop.config.internalAutoProxyCreator,org.springframework.transaction.annotation.AnnotationTransactionAttributeSource#0,org.springframework.transaction.interceptor.TransactionInterceptor#0,org.springframework.transaction.config.internalTransactionAdvisor,org.springframework.context.annotation.ConfigurationClassPostProcessor.importAwareProcessor,org.hejin.newapp.configuration.HyungeunConfiguration$DevelopmentConfig,propertySourcesPlaceholderConfigurer,dataSource,sessionFactory,transactionManager]; root of factory hierarchy
[2014-06-19 21:01:23] INFO  [HibernateTransactionManager.java:339] Using DataSource [org.apache.commons.dbcp.BasicDataSource@5454570a] of Hibernate SessionFactory for HibernateTransactionManager
[2014-06-19 21:01:23] INFO  [TransactionalTestExecutionListener.java:279] Began transaction (1): transaction manager [org.springframework.orm.hibernate4.HibernateTransactionManager@4b33f6dd]; rollback [true]
[2014-06-19 21:01:23] INFO  [TransactionalTestExecutionListener.java:299] Rolled back transaction after test execution for test context [TestContext@36598d00 testClass = BoardTest, testInstance = org.hejin.newapp.board.test.BoardTest@313816e0, testMethod = insertTest@BoardTest, testException = [null], mergedContextConfiguration = [MergedContextConfiguration@5965e55e testClass = BoardTest, locations = '{classpath:META-INF/spring/applicationContext.xml}', classes = '{}', contextInitializerClasses = '[]', activeProfiles = '{development}', contextLoader = 'org.springframework.test.context.support.DelegatingSmartContextLoader', parent = [null]]]
[2014-06-19 21:01:23] INFO  [AbstractApplicationContext.java:1042] Closing org.springframework.context.support.GenericApplicationContext@199836ed: startup date [Thu Jun 19 21:01:21 GMT+09:00 2014]; root of context hierarchy
[2014-06-19 21:01:23] INFO  [DefaultSingletonBeanRegistry.java:444] Destroying singletons in org.springframework.beans.factory.support.DefaultListableBeanFactory@a383118: defining beans [hyungeunConfiguration,org.springframework.context.annotation.internalConfigurationAnnotationProcessor,org.springframework.context.annotation.internalAutowiredAnnotationProcessor,org.springframework.context.annotation.internalRequiredAnnotationProcessor,org.springframework.context.annotation.internalCommonAnnotationProcessor,org.springframework.context.annotation.internalPersistenceAnnotationProcessor,org.springframework.aop.config.internalAutoProxyCreator,org.springframework.transaction.annotation.AnnotationTransactionAttributeSource#0,org.springframework.transaction.interceptor.TransactionInterceptor#0,org.springframework.transaction.config.internalTransactionAdvisor,org.springframework.context.annotation.ConfigurationClassPostProcessor.importAwareProcessor,org.hejin.newapp.configuration.HyungeunConfiguration$DevelopmentConfig,propertySourcesPlaceholderConfigurer,dataSource,sessionFactory,transactionManager]; root of factory hierarchy
[2014-06-19 21:11:16] INFO  [XmlBeanDefinitionReader.java:315] Loading XML bean definitions from class path resource [META-INF/spring/applicationContext.xml]
[2014-06-19 21:11:16] INFO  [AbstractApplicationContext.java:510] Refreshing org.springframework.context.support.GenericApplicationContext@199836ed: startup date [Thu Jun 19 21:11:16 GMT+09:00 2014]; root of context hierarchy
[2014-06-19 21:11:16] INFO  [PropertiesLoaderSupport.java:172] Loading properties file from class path resource [META-INF/spring/config.properties]
[2014-06-19 21:11:16] INFO  [AutowiredAnnotationBeanPostProcessor.java:141] JSR-330 'javax.inject.Inject' annotation found and supported for autowiring
[2014-06-19 21:11:16] INFO  [DefaultListableBeanFactory.java:598] Pre-instantiating singletons in org.springframework.beans.factory.support.DefaultListableBeanFactory@105691e: defining beans [hyungeunConfiguration,org.springframework.context.annotation.internalConfigurationAnnotationProcessor,org.springframework.context.annotation.internalAutowiredAnnotationProcessor,org.springframework.context.annotation.internalRequiredAnnotationProcessor,org.springframework.context.annotation.internalCommonAnnotationProcessor,org.springframework.context.annotation.internalPersistenceAnnotationProcessor,org.springframework.aop.config.internalAutoProxyCreator,org.springframework.transaction.annotation.AnnotationTransactionAttributeSource#0,org.springframework.transaction.interceptor.TransactionInterceptor#0,org.springframework.transaction.config.internalTransactionAdvisor,org.springframework.context.annotation.ConfigurationClassPostProcessor.importAwareProcessor,org.hejin.newapp.configuration.HyungeunConfiguration$DevelopmentConfig,propertySourcesPlaceholderConfigurer,dataSource,sessionFactory,transactionManager]; root of factory hierarchy
[2014-06-19 21:11:18] INFO  [HibernateTransactionManager.java:339] Using DataSource [org.apache.commons.dbcp.BasicDataSource@45c81ac0] of Hibernate SessionFactory for HibernateTransactionManager
[2014-06-19 21:11:18] ERROR [TestContextManager.java:314] Caught exception while allowing TestExecutionListener [org.springframework.test.context.support.DependencyInjectionTestExecutionListener@7fc4a2d3] to prepare test instance [org.hejin.newapp.board.test.BoardTest@469e0c2d]
org.springframework.beans.factory.BeanCreationException: Error creating bean with name 'org.hejin.newapp.board.test.BoardTest': Injection of autowired dependencies failed; nested exception is org.springframework.beans.factory.BeanCreationException: Could not autowire field: org.hejin.newapp.service.BoardService org.hejin.newapp.board.test.BoardTest.boardService; nested exception is org.springframework.beans.factory.NoSuchBeanDefinitionException: No qualifying bean of type [org.hejin.newapp.service.BoardService] found for dependency: expected at least 1 bean which qualifies as autowire candidate for this dependency. Dependency annotations: {@org.springframework.beans.factory.annotation.Autowired(required=true)}
	at org.springframework.beans.factory.annotation.AutowiredAnnotationBeanPostProcessor.postProcessPropertyValues(AutowiredAnnotationBeanPostProcessor.java:289)
	at org.springframework.beans.factory.support.AbstractAutowireCapableBeanFactory.populateBean(AbstractAutowireCapableBeanFactory.java:1146)
	at org.springframework.beans.factory.support.AbstractAutowireCapableBeanFactory.autowireBeanProperties(AbstractAutowireCapableBeanFactory.java:376)
	at org.springframework.test.context.support.DependencyInjectionTestExecutionListener.injectDependencies(DependencyInjectionTestExecutionListener.java:110)
	at org.springframework.test.context.support.DependencyInjectionTestExecutionListener.prepareTestInstance(DependencyInjectionTestExecutionListener.java:75)
	at org.springframework.test.context.TestContextManager.prepareTestInstance(TestContextManager.java:312)
	at org.springframework.test.context.junit4.SpringJUnit4ClassRunner.createTest(SpringJUnit4ClassRunner.java:211)
	at org.springframework.test.context.junit4.SpringJUnit4ClassRunner$1.runReflectiveCall(SpringJUnit4ClassRunner.java:288)
	at org.junit.internal.runners.model.ReflectiveCallable.run(ReflectiveCallable.java:12)
	at org.springframework.test.context.junit4.SpringJUnit4ClassRunner.methodBlock(SpringJUnit4ClassRunner.java:284)
	at org.springframework.test.context.junit4.SpringJUnit4ClassRunner.runChild(SpringJUnit4ClassRunner.java:231)
	at org.springframework.test.context.junit4.SpringJUnit4ClassRunner.runChild(SpringJUnit4ClassRunner.java:88)
	at org.junit.runners.ParentRunner$3.run(ParentRunner.java:238)
	at org.junit.runners.ParentRunner$1.schedule(ParentRunner.java:63)
	at org.junit.runners.ParentRunner.runChildren(ParentRunner.java:236)
	at org.junit.runners.ParentRunner.access$000(ParentRunner.java:53)
	at org.junit.runners.ParentRunner$2.evaluate(ParentRunner.java:229)
	at org.springframework.test.context.junit4.statements.RunBeforeTestClassCallbacks.evaluate(RunBeforeTestClassCallbacks.java:61)
	at org.springframework.test.context.junit4.statements.RunAfterTestClassCallbacks.evaluate(RunAfterTestClassCallbacks.java:71)
	at org.junit.runners.ParentRunner.run(ParentRunner.java:309)
	at org.springframework.test.context.junit4.SpringJUnit4ClassRunner.run(SpringJUnit4ClassRunner.java:174)
	at org.eclipse.jdt.internal.junit4.runner.JUnit4TestReference.run(JUnit4TestReference.java:50)
	at org.eclipse.jdt.internal.junit.runner.TestExecution.run(TestExecution.java:38)
	at org.eclipse.jdt.internal.junit.runner.RemoteTestRunner.runTests(RemoteTestRunner.java:467)
	at org.eclipse.jdt.internal.junit.runner.RemoteTestRunner.runTests(RemoteTestRunner.java:683)
	at org.eclipse.jdt.internal.junit.runner.RemoteTestRunner.run(RemoteTestRunner.java:390)
	at org.eclipse.jdt.internal.junit.runner.RemoteTestRunner.main(RemoteTestRunner.java:197)
Caused by: org.springframework.beans.factory.BeanCreationException: Could not autowire field: org.hejin.newapp.service.BoardService org.hejin.newapp.board.test.BoardTest.boardService; nested exception is org.springframework.beans.factory.NoSuchBeanDefinitionException: No qualifying bean of type [org.hejin.newapp.service.BoardService] found for dependency: expected at least 1 bean which qualifies as autowire candidate for this dependency. Dependency annotations: {@org.springframework.beans.factory.annotation.Autowired(required=true)}
	at org.springframework.beans.factory.annotation.AutowiredAnnotationBeanPostProcessor$AutowiredFieldElement.inject(AutowiredAnnotationBeanPostProcessor.java:517)
	at org.springframework.beans.factory.annotation.InjectionMetadata.inject(InjectionMetadata.java:87)
	at org.springframework.beans.factory.annotation.AutowiredAnnotationBeanPostProcessor.postProcessPropertyValues(AutowiredAnnotationBeanPostProcessor.java:286)
	... 26 more
Caused by: org.springframework.beans.factory.NoSuchBeanDefinitionException: No qualifying bean of type [org.hejin.newapp.service.BoardService] found for dependency: expected at least 1 bean which qualifies as autowire candidate for this dependency. Dependency annotations: {@org.springframework.beans.factory.annotation.Autowired(required=true)}
	at org.springframework.beans.factory.support.DefaultListableBeanFactory.raiseNoSuchBeanDefinitionException(DefaultListableBeanFactory.java:988)
	at org.springframework.beans.factory.support.DefaultListableBeanFactory.doResolveDependency(DefaultListableBeanFactory.java:858)
	at org.springframework.beans.factory.support.DefaultListableBeanFactory.resolveDependency(DefaultListableBeanFactory.java:770)
	at org.springframework.beans.factory.annotation.AutowiredAnnotationBeanPostProcessor$AutowiredFieldElement.inject(AutowiredAnnotationBeanPostProcessor.java:489)
	... 28 more
[2014-06-19 21:11:18] INFO  [AbstractApplicationContext.java:1042] Closing org.springframework.context.support.GenericApplicationContext@199836ed: startup date [Thu Jun 19 21:11:16 GMT+09:00 2014]; root of context hierarchy
[2014-06-19 21:11:18] INFO  [DefaultSingletonBeanRegistry.java:444] Destroying singletons in org.springframework.beans.factory.support.DefaultListableBeanFactory@105691e: defining beans [hyungeunConfiguration,org.springframework.context.annotation.internalConfigurationAnnotationProcessor,org.springframework.context.annotation.internalAutowiredAnnotationProcessor,org.springframework.context.annotation.internalRequiredAnnotationProcessor,org.springframework.context.annotation.internalCommonAnnotationProcessor,org.springframework.context.annotation.internalPersistenceAnnotationProcessor,org.springframework.aop.config.internalAutoProxyCreator,org.springframework.transaction.annotation.AnnotationTransactionAttributeSource#0,org.springframework.transaction.interceptor.TransactionInterceptor#0,org.springframework.transaction.config.internalTransactionAdvisor,org.springframework.context.annotation.ConfigurationClassPostProcessor.importAwareProcessor,org.hejin.newapp.configuration.HyungeunConfiguration$DevelopmentConfig,propertySourcesPlaceholderConfigurer,dataSource,sessionFactory,transactionManager]; root of factory hierarchy
[2014-06-19 21:12:20] INFO  [XmlBeanDefinitionReader.java:315] Loading XML bean definitions from class path resource [META-INF/spring/applicationContext.xml]
[2014-06-19 21:12:20] INFO  [AbstractApplicationContext.java:510] Refreshing org.springframework.context.support.GenericApplicationContext@72e6f7d2: startup date [Thu Jun 19 21:12:20 GMT+09:00 2014]; root of context hierarchy
[2014-06-19 21:12:20] INFO  [PropertiesLoaderSupport.java:172] Loading properties file from class path resource [META-INF/spring/config.properties]
[2014-06-19 21:12:20] INFO  [AutowiredAnnotationBeanPostProcessor.java:141] JSR-330 'javax.inject.Inject' annotation found and supported for autowiring
[2014-06-19 21:12:20] INFO  [DefaultListableBeanFactory.java:598] Pre-instantiating singletons in org.springframework.beans.factory.support.DefaultListableBeanFactory@656dc861: defining beans [hyungeunConfiguration,BoardDao,BoardService,org.springframework.context.annotation.internalConfigurationAnnotationProcessor,org.springframework.context.annotation.internalAutowiredAnnotationProcessor,org.springframework.context.annotation.internalRequiredAnnotationProcessor,org.springframework.context.annotation.internalCommonAnnotationProcessor,org.springframework.context.annotation.internalPersistenceAnnotationProcessor,org.springframework.aop.config.internalAutoProxyCreator,org.springframework.transaction.annotation.AnnotationTransactionAttributeSource#0,org.springframework.transaction.interceptor.TransactionInterceptor#0,org.springframework.transaction.config.internalTransactionAdvisor,org.springframework.context.annotation.ConfigurationClassPostProcessor.importAwareProcessor,org.hejin.newapp.configuration.HyungeunConfiguration$DevelopmentConfig,propertySourcesPlaceholderConfigurer,dataSource,sessionFactory,transactionManager]; root of factory hierarchy
[2014-06-19 21:12:22] INFO  [HibernateTransactionManager.java:339] Using DataSource [org.apache.commons.dbcp.BasicDataSource@12e90e23] of Hibernate SessionFactory for HibernateTransactionManager
[2014-06-19 21:12:22] INFO  [TransactionalTestExecutionListener.java:279] Began transaction (1): transaction manager [org.springframework.orm.hibernate4.HibernateTransactionManager@3fd83cf4]; rollback [true]
[2014-06-19 21:12:22] INFO  [TransactionalTestExecutionListener.java:299] Rolled back transaction after test execution for test context [TestContext@7696452 testClass = BoardTest, testInstance = org.hejin.newapp.board.test.BoardTest@1839474b, testMethod = getListTest@BoardTest, testException = [null], mergedContextConfiguration = [MergedContextConfiguration@58779959 testClass = BoardTest, locations = '{classpath:META-INF/spring/applicationContext.xml}', classes = '{}', contextInitializerClasses = '[]', activeProfiles = '{development}', contextLoader = 'org.springframework.test.context.support.DelegatingSmartContextLoader', parent = [null]]]
[2014-06-19 21:12:22] INFO  [AbstractApplicationContext.java:1042] Closing org.springframework.context.support.GenericApplicationContext@72e6f7d2: startup date [Thu Jun 19 21:12:20 GMT+09:00 2014]; root of context hierarchy
[2014-06-19 21:12:22] INFO  [DefaultSingletonBeanRegistry.java:444] Destroying singletons in org.springframework.beans.factory.support.DefaultListableBeanFactory@656dc861: defining beans [hyungeunConfiguration,BoardDao,BoardService,org.springframework.context.annotation.internalConfigurationAnnotationProcessor,org.springframework.context.annotation.internalAutowiredAnnotationProcessor,org.springframework.context.annotation.internalRequiredAnnotationProcessor,org.springframework.context.annotation.internalCommonAnnotationProcessor,org.springframework.context.annotation.internalPersistenceAnnotationProcessor,org.springframework.aop.config.internalAutoProxyCreator,org.springframework.transaction.annotation.AnnotationTransactionAttributeSource#0,org.springframework.transaction.interceptor.TransactionInterceptor#0,org.springframework.transaction.config.internalTransactionAdvisor,org.springframework.context.annotation.ConfigurationClassPostProcessor.importAwareProcessor,org.hejin.newapp.configuration.HyungeunConfiguration$DevelopmentConfig,propertySourcesPlaceholderConfigurer,dataSource,sessionFactory,transactionManager]; root of factory hierarchy
[2014-06-19 21:13:51] INFO  [ContextLoader.java:273] Root WebApplicationContext: initialization started
[2014-06-19 21:13:51] INFO  [XmlBeanDefinitionReader.java:315] Loading XML bean definitions from file [C:\git\dongtuan\build\classes\main\META-INF\spring\applicationContext.xml]
[2014-06-19 21:13:51] INFO  [XmlBeanDefinitionReader.java:315] Loading XML bean definitions from file [C:\git\dongtuan\build\resources\main\META-INF\spring\applicationContext.xml]
[2014-06-19 21:13:52] INFO  [PropertiesLoaderSupport.java:172] Loading properties file from class path resource [META-INF/spring/config.properties]
[2014-06-19 21:13:52] INFO  [AutowiredAnnotationBeanPostProcessor.java:141] JSR-330 'javax.inject.Inject' annotation found and supported for autowiring
[2014-06-19 21:13:53] INFO  [HibernateTransactionManager.java:339] Using DataSource [org.apache.commons.dbcp.BasicDataSource@11d1f39a] of Hibernate SessionFactory for HibernateTransactionManager
[2014-06-19 21:13:53] INFO  [ContextLoader.java:313] Root WebApplicationContext: initialization completed in 2435 ms
